mode: atomic
github.com/Gusarov2k/second_url/internal/db/client.go:20.52,24.67 3 8
github.com/Gusarov2k/second_url/internal/db/client.go:28.2,28.35 1 8
github.com/Gusarov2k/second_url/internal/db/client.go:31.2,35.12 4 8
github.com/Gusarov2k/second_url/internal/db/client.go:24.67,27.3 2 0
github.com/Gusarov2k/second_url/internal/db/client.go:28.35,30.3 1 0
github.com/Gusarov2k/second_url/internal/db/client.go:39.32,41.2 1 8
github.com/Gusarov2k/second_url/internal/db/client.go:44.37,47.2 2 4
github.com/Gusarov2k/second_url/internal/db/config.go:8.49,13.30 2 8
github.com/Gusarov2k/second_url/internal/db/config.go:17.2,17.11 1 8
github.com/Gusarov2k/second_url/internal/db/config.go:13.30,15.3 1 0
github.com/Gusarov2k/second_url/internal/db/config.go:24.44,25.25 1 0
github.com/Gusarov2k/second_url/internal/db/config.go:25.25,27.3 1 0
github.com/Gusarov2k/second_url/internal/db/config.go:31.45,32.25 1 0
github.com/Gusarov2k/second_url/internal/db/config.go:32.25,34.3 1 0
github.com/Gusarov2k/second_url/internal/db/urls.go:16.56,18.2 1 4
github.com/Gusarov2k/second_url/internal/db/urls.go:21.70,24.17 2 2
github.com/Gusarov2k/second_url/internal/db/urls.go:32.2,32.12 1 2
github.com/Gusarov2k/second_url/internal/db/urls.go:24.17,27.17 2 2
github.com/Gusarov2k/second_url/internal/db/urls.go:27.17,29.4 1 0
github.com/Gusarov2k/second_url/internal/db/urls.go:36.85,40.18 3 1
github.com/Gusarov2k/second_url/internal/db/urls.go:47.2,47.19 1 1
github.com/Gusarov2k/second_url/internal/db/urls.go:40.18,43.17 2 1
github.com/Gusarov2k/second_url/internal/db/urls.go:43.17,45.4 1 0
github.com/Gusarov2k/second_url/internal/db/urls.go:51.85,55.17 3 1
github.com/Gusarov2k/second_url/internal/db/urls.go:63.2,63.19 1 1
github.com/Gusarov2k/second_url/internal/db/urls.go:55.17,58.17 2 0
github.com/Gusarov2k/second_url/internal/db/urls.go:58.17,60.4 1 0
github.com/Gusarov2k/second_url/internal/db/urls.go:67.70,71.2 2 1
